
> web@0.1.0 build
> next build

▲ Next.js 16.1.6 (Turbopack)
- Environments: .env.local
- Experiments (use with caution):
  · serverActions

  Creating an optimized production build ...
✓ Compiled successfully in 3.7s
  Running TypeScript ...
  Collecting page data using 15 workers ...
  Generating static pages using 15 workers (0/9) ...
  Generating static pages using 15 workers (2/9) 
Warning: Please use the `legacy` build in Node.js environments.
Error occurred prerendering page "/pdf-splitter". Read more: https://nextjs.org/docs/messages/prerender-error
ReferenceError: DOMMatrix is not defined
    at module evaluation (D:\devel\infoprompt\.next\server\chunks\ssr\[root-of-the-server]__7e7465ea._.js:2:131001)
    at instantiateModule (D:\devel\infoprompt\.next\server\chunks\ssr\[turbopack]_runtime.js:740:9)
    at getOrInstantiateModuleFromParent (D:\devel\infoprompt\.next\server\chunks\ssr\[turbopack]_runtime.js:763:12)
    at Context.commonJsRequire [as r] (D:\devel\infoprompt\.next\server\chunks\ssr\[turbopack]_runtime.js:249:12) {
  digest: '542384028'
}
Export encountered an error on /pdf-splitter/page: /pdf-splitter, exiting the build.
⨯ Next.js build worker exited with code: 1 and signal: null
